Using pre-set license
Built from '2020.3/staging' branch; Version is '2020.3.16f1 (049d6eca3c44) revision 302446'; Using compiler version '192528614'; Build Type 'Release'
OS: 'Windows 10 Pro; OS build 19043.1415; Version 2009; 64bit' Language: 'zh' Physical Memory: 32608 MB
BatchMode: 1, IsHumanControllingUs: 0, StartBugReporterOnCrash: 0, Is64bit: 1, IsPro: 0

 COMMAND LINE ARGUMENTS:
C:\Program Files\Unity\Hub\Editor\2020.3.16f1\Editor\Unity.exe
-adb2
-batchMode
-noUpm
-name
AssetImportWorker0
-projectPath
C:/Users/user/Desktop/Unity_20210818_3DRPG-main/110YouthUnity3DRPG0818
-logFile
Logs/AssetImportWorker0.log
-srvPort
63895
Successfully changed project path to: C:/Users/user/Desktop/Unity_20210818_3DRPG-main/110YouthUnity3DRPG0818
C:/Users/user/Desktop/Unity_20210818_3DRPG-main/110YouthUnity3DRPG0818
Using Asset Import Pipeline V2.
Refreshing native plugins compatible for Editor in 103.73 ms, found 2 plugins.
Preloading 0 native plugins for Editor in 0.00 ms.
Initialize engine version: 2020.3.16f1 (049d6eca3c44)
[Subsystems] Discovering subsystems at path C:/Program Files/Unity/Hub/Editor/2020.3.16f1/Editor/Data/Resources/UnitySubsystems
[Subsystems] Discovering subsystems at path C:/Users/user/Desktop/Unity_20210818_3DRPG-main/110YouthUnity3DRPG0818/Assets
GfxDevice: creating device client; threaded=0
Direct3D:
    Version:  Direct3D 11.0 [level 11.1]
    Renderer: Intel(R) UHD Graphics 630 (ID=0x9bc5)
    Vendor:   
    VRAM:     16304 MB
    Driver:   27.20.100.8681
Initialize mono
Mono path[0] = 'C:/Program Files/Unity/Hub/Editor/2020.3.16f1/Editor/Data/Managed'
Mono path[1] = 'C:/Program Files/Unity/Hub/Editor/2020.3.16f1/Editor/Data/MonoBleedingEdge/lib/mono/unityjit'
Mono config path = 'C:/Program Files/Unity/Hub/Editor/2020.3.16f1/Editor/Data/MonoBleedingEdge/etc'
Using monoOptions --debugger-agent=transport=dt_socket,embedding=1,server=y,suspend=n,address=127.0.0.1:56560
Begin MonoManager ReloadAssembly
Registering precompiled unity dll's ...
Register platform support module: C:/Program Files/Unity/Hub/Editor/2020.3.16f1/Editor/Data/PlaybackEngines/WindowsStandaloneSupport/UnityEditor.WindowsStandalone.Extensions.dll
Registered in 0.002869 seconds.
Native extension for WindowsStandalone target not found
Refreshing native plugins compatible for Editor in 260.67 ms, found 2 plugins.
Preloading 0 native plugins for Editor in 0.00 ms.
Mono: successfully reloaded assembly
- Completed reload, in  4.574 seconds
Domain Reload Profiling:
	ReloadAssembly (4574ms)
		BeginReloadAssembly (70ms)
			ExecutionOrderSort (0ms)
			DisableScriptedObjects (0ms)
			BackupInstance (0ms)
			ReleaseScriptingObjects (0ms)
			CreateAndSetChildDomain (1ms)
		EndReloadAssembly (982ms)
			LoadAssemblies (68ms)
			RebuildTransferFunctionScriptingTraits (0ms)
			SetupTypeCache (267ms)
			ReleaseScriptCaches (0ms)
			RebuildScriptCaches (82ms)
			SetupLoadedEditorAssemblies (503ms)
				LogAssemblyErrors (0ms)
				InitializePlatformSupportModulesInManaged (10ms)
				SetLoadedEditorAssemblies (2ms)
				RefreshPlugins (261ms)
				BeforeProcessingInitializeOnLoad (31ms)
				ProcessInitializeOnLoadAttributes (139ms)
				ProcessInitializeOnLoadMethodAttributes (60ms)
				AfterProcessingInitializeOnLoad (0ms)
				EditorAssembliesLoaded (0ms)
			ExecutionOrderSort2 (0ms)
			AwakeInstancesAfterBackupRestoration (0ms)
Platform modules already initialized, skipping
Registering precompiled user dll's ...
Registered in 0.009976 seconds.
Begin MonoManager ReloadAssembly
Native extension for WindowsStandalone target not found
Refreshing native plugins compatible for Editor in 187.20 ms, found 2 plugins.
Preloading 0 native plugins for Editor in 0.00 ms.
Mono: successfully reloaded assembly
- Completed reload, in  3.090 seconds
Domain Reload Profiling:
	ReloadAssembly (3092ms)
		BeginReloadAssembly (271ms)
			ExecutionOrderSort (0ms)
			DisableScriptedObjects (9ms)
			BackupInstance (0ms)
			ReleaseScriptingObjects (0ms)
			CreateAndSetChildDomain (56ms)
		EndReloadAssembly (2713ms)
			LoadAssemblies (189ms)
			RebuildTransferFunctionScriptingTraits (0ms)
			SetupTypeCache (677ms)
			ReleaseScriptCaches (2ms)
			RebuildScriptCaches (195ms)
			SetupLoadedEditorAssemblies (1375ms)
				LogAssemblyErrors (0ms)
				InitializePlatformSupportModulesInManaged (7ms)
				SetLoadedEditorAssemblies (0ms)
				RefreshPlugins (187ms)
				BeforeProcessingInitializeOnLoad (205ms)
				ProcessInitializeOnLoadAttributes (791ms)
				ProcessInitializeOnLoadMethodAttributes (176ms)
				AfterProcessingInitializeOnLoad (7ms)
				EditorAssembliesLoaded (1ms)
			ExecutionOrderSort2 (0ms)
			AwakeInstancesAfterBackupRestoration (10ms)
Platform modules already initialized, skipping
========================================================================
Worker process is ready to serve import requests
Launched and connected shader compiler UnityShaderCompiler.exe after 0.11 seconds
Refreshing native plugins compatible for Editor in 2.81 ms, found 2 plugins.
Preloading 0 native plugins for Editor in 0.00 ms.
Unloading 3973 Unused Serialized files (Serialized files now loaded: 0)
System memory in use before: 197.5 MB.
System memory in use after: 197.7 MB.

Unloading 19 unused Assets to reduce memory usage. Loaded Objects now: 4423.
Total: 9.882900 ms (FindLiveObjects: 1.108900 ms CreateObjectMapping: 0.629300 ms MarkObjects: 7.962700 ms  DeleteObjects: 0.179100 ms)

AssetImportParameters requested are different than current active one (requested -> active):
  custom:framework-win-MediaFoundation: 216162199b28c13a410421893ffa2e32 -> 
  custom:video-decoder-ogg-theora: a1e56fd34408186e4bbccfd4996cb3dc -> 
  custom:container-muxer-webm: aa71ff27fc2769a1b78a27578f13a17b -> 
  custom:container-demuxer-webm: 4f35f7cbe854078d1ac9338744f61a02 -> 
  custom:container-demuxer-ogg: 62fdf1f143b41e24485cea50d1cbac27 -> 
  custom:video-encoder-webm-vp8: eb34c28f22e8b96e1ab97ce403110664 -> 
  custom:video-decoder-webm-vp8: 9c59270c3fd7afecdb556c50c9e8de78 -> 
  custom:audio-decoder-ogg-vorbis: bf7c407c2cedff20999df2af8eb42d56 -> 
  custom:audio-encoder-webm-vorbis: bf7c407c2cedff20999df2af8eb42d56 -> 
========================================================================
Received Import Request.
  path: Assets/SceneController.prefab
  artifactKey: Guid(e5160eb6e2fa4b34398759cd325bcfea) Importer(815301076,1909f56bfc062723c751e8b465ee728b)
Start importing Assets/SceneController.prefab using Guid(e5160eb6e2fa4b34398759cd325bcfea) Importer(815301076,1909f56bfc062723c751e8b465ee728b)  -> (artifact id: '580d3edfcd6961247a5778785d7fd856') in 0.102131 seconds 
  Import took 0.117482 seconds .

========================================================================
Received Import Request.
  Time since last request: 0.000315 seconds.
  path: Assets/2203518_block_cube_music_square_stop_icon.png
  artifactKey: Guid(4a99a245320ffc34cb891722cec46b63) Importer(815301076,1909f56bfc062723c751e8b465ee728b)
Start importing Assets/2203518_block_cube_music_square_stop_icon.png using Guid(4a99a245320ffc34cb891722cec46b63) Importer(815301076,1909f56bfc062723c751e8b465ee728b)  -> (artifact id: 'f4e435fca52635d665f418adab537feb') in 0.177254 seconds 
  Import took 0.190988 seconds .

========================================================================
Received Import Request.
  Time since last request: 0.000289 seconds.
  path: Assets/298882_down_triangle_icon.png
  artifactKey: Guid(d407b15499bbaae48a130f363d8f4f52) Importer(815301076,1909f56bfc062723c751e8b465ee728b)
Start importing Assets/298882_down_triangle_icon.png using Guid(d407b15499bbaae48a130f363d8f4f52) Importer(815301076,1909f56bfc062723c751e8b465ee728b)  -> (artifact id: 'cd5a5155bef783b62282d70fd0fa09bf') in 0.042573 seconds 
  Import took 0.053863 seconds .

========================================================================
Received Import Request.
  Time since last request: 0.000253 seconds.
  path: Assets/NotoSansMonoCJKtc-Bold.otf
  artifactKey: Guid(1e2c84d34c4e3aa4788946dc1fc47ca3) Importer(815301076,1909f56bfc062723c751e8b465ee728b)
Start importing Assets/NotoSansMonoCJKtc-Bold.otf using Guid(1e2c84d34c4e3aa4788946dc1fc47ca3) Importer(815301076,1909f56bfc062723c751e8b465ee728b) Launched and connected shader compiler UnityShaderCompiler.exe after 0.15 seconds
Launched and connected shader compiler UnityShaderCompiler.exe after 0.18 seconds
Launched and connected shader compiler UnityShaderCompiler.exe after 0.19 seconds
Launched and connected shader compiler UnityShaderCompiler.exe after 0.19 seconds
Launched and connected shader compiler UnityShaderCompiler.exe after 0.21 seconds
Launched and connected shader compiler UnityShaderCompiler.exe after 0.20 seconds
Launched and connected shader compiler UnityShaderCompiler.exe after 0.16 seconds
Launched and connected shader compiler UnityShaderCompiler.exe after 0.19 seconds
Launched and connected shader compiler UnityShaderCompiler.exe after 0.38 seconds
Launched and connected shader compiler UnityShaderCompiler.exe after 0.52 seconds
Launched and connected shader compiler UnityShaderCompiler.exe after 0.16 seconds
Launched and connected shader compiler UnityShaderCompiler.exe after 0.22 seconds
 -> (artifact id: 'c4626c276f9ab25d9f8c42f68fa49af0') in 4.716502 seconds 
  Import took 4.742972 seconds .

========================================================================
Received Import Request.
  Time since last request: 0.000307 seconds.
  path: Assets/Tree_S.prefab
  artifactKey: Guid(372127c964195ea46b1328bdf209ac1f) Importer(815301076,1909f56bfc062723c751e8b465ee728b)
Start importing Assets/Tree_S.prefab using Guid(372127c964195ea46b1328bdf209ac1f) Importer(815301076,1909f56bfc062723c751e8b465ee728b)  -> (artifact id: '38f452e9c8c23ff514186c4ac46ef7c0') in 0.190226 seconds 
  Import took 0.211693 seconds .

========================================================================
Received Import Request.
  Time since last request: 0.000315 seconds.
  path: Assets/NewLayer.terrainlayer
  artifactKey: Guid(7bb3aea82c9cc5e46bdd0249a48524c0) Importer(815301076,1909f56bfc062723c751e8b465ee728b)
Start importing Assets/NewLayer.terrainlayer using Guid(7bb3aea82c9cc5e46bdd0249a48524c0) Importer(815301076,1909f56bfc062723c751e8b465ee728b)  -> (artifact id: '0c93725c07eca2bb80d7b9101051346e') in 0.048616 seconds 
  Import took 0.066727 seconds .

========================================================================
Received Import Request.
  Time since last request: 0.000449 seconds.
  path: Assets/Tree_T.prefab
  artifactKey: Guid(b200c006ccbb7f440a1108b7b9e6b8c9) Importer(815301076,1909f56bfc062723c751e8b465ee728b)
Start importing Assets/Tree_T.prefab using Guid(b200c006ccbb7f440a1108b7b9e6b8c9) Importer(815301076,1909f56bfc062723c751e8b465ee728b)  -> (artifact id: 'ddd7603af1692a158e8d25397fd77a80') in 0.107591 seconds 
  Import took 0.136927 seconds .

========================================================================
Received Import Request.
  Time since last request: 0.001210 seconds.
  path: Assets/New Terrain.asset
  artifactKey: Guid(55e6d5582aa614c4a95684d98da5c63b) Importer(815301076,1909f56bfc062723c751e8b465ee728b)
Start importing Assets/New Terrain.asset using Guid(55e6d5582aa614c4a95684d98da5c63b) Importer(815301076,1909f56bfc062723c751e8b465ee728b) The tree Fol_Pine_A must use the Nature/Soft Occlusion shader. Otherwise billboarding/lighting will not work correctly.

The tree Fol_Pine_A must use the Nature/Soft Occlusion shader. Otherwise billboarding/lighting will not work correctly.

 -> (artifact id: '05aaec8c8ab06ddd54f90980dbbabde1') in 1.162357 seconds 
  Import took 1.181077 seconds .

========================================================================
Received Import Request.
  Time since last request: 0.000280 seconds.
  path: Assets/Floor.mat
  artifactKey: Guid(512e843b78709a14997993ac6baca992) Importer(815301076,1909f56bfc062723c751e8b465ee728b)
Start importing Assets/Floor.mat using Guid(512e843b78709a14997993ac6baca992) Importer(815301076,1909f56bfc062723c751e8b465ee728b)  -> (artifact id: '78eaf448966688a4e158e3597cd2a8ab') in 2.578760 seconds 
  Import took 2.603220 seconds .

========================================================================
Received Import Request.
  Time since last request: 0.000324 seconds.
  path: Assets/New Terrain 1.asset
  artifactKey: Guid(608ec337e8b272b49a00a03865ca3df2) Importer(815301076,1909f56bfc062723c751e8b465ee728b)
Start importing Assets/New Terrain 1.asset using Guid(608ec337e8b272b49a00a03865ca3df2) Importer(815301076,1909f56bfc062723c751e8b465ee728b) The tree Fol_Pine_A must use the Nature/Soft Occlusion shader. Otherwise billboarding/lighting will not work correctly.

The tree Fol_Pine_A must use the Nature/Soft Occlusion shader. Otherwise billboarding/lighting will not work correctly.

The tree Fol_TallTree_A must use the Nature/Soft Occlusion shader. Otherwise billboarding/lighting will not work correctly.

The tree Fol_TallTree_A must use the Nature/Soft Occlusion shader. Otherwise billboarding/lighting will not work correctly.

 -> (artifact id: '24597e5f21c35a47e03c9a26a168c9c4') in 0.101514 seconds 
  Import took 0.125044 seconds .

========================================================================
Received Import Request.
  Time since last request: 6.259250 seconds.
  path: Assets/Scene/API_Interview.unity
  artifactKey: Guid(de31576b9e2fc62458c8d7432a7ef507) Importer(815301076,1909f56bfc062723c751e8b465ee728b)
Start importing Assets/Scene/API_Interview.unity using Guid(de31576b9e2fc62458c8d7432a7ef507) Importer(815301076,1909f56bfc062723c751e8b465ee728b)  -> (artifact id: 'e0f9358d6a88c01de7a2bfe4285e9fe3') in 0.020641 seconds 
  Import took 0.034048 seconds .

========================================================================
Received Import Request.
  Time since last request: 0.075658 seconds.
  path: Assets/Scene/API_Interview.unity
  artifactKey: Guid(de31576b9e2fc62458c8d7432a7ef507) Importer(815301076,1909f56bfc062723c751e8b465ee728b)
Start importing Assets/Scene/API_Interview.unity using Guid(de31576b9e2fc62458c8d7432a7ef507) Importer(815301076,1909f56bfc062723c751e8b465ee728b)  -> (artifact id: 'e0f9358d6a88c01de7a2bfe4285e9fe3') in 0.004975 seconds 
  Import took 0.021255 seconds .

========================================================================
Received Import Request.
  Time since last request: 4.974052 seconds.
  path: Assets/Scene/GameScene.unity
  artifactKey: Guid(e4c17df8717a0c64e8c4963b68731562) Importer(815301076,1909f56bfc062723c751e8b465ee728b)
Start importing Assets/Scene/GameScene.unity using Guid(e4c17df8717a0c64e8c4963b68731562) Importer(815301076,1909f56bfc062723c751e8b465ee728b)  -> (artifact id: '4b10fe9de785d41e13d04e7e7fcba1da') in 0.021954 seconds 
  Import took 0.044951 seconds .

========================================================================
Received Import Request.
  Time since last request: 9.788697 seconds.
  path: Assets/Scene/LoopAndCoroutine_Interview.unity
  artifactKey: Guid(16efc6f76bc885f4291a635ca603e289) Importer(815301076,1909f56bfc062723c751e8b465ee728b)
Start importing Assets/Scene/LoopAndCoroutine_Interview.unity using Guid(16efc6f76bc885f4291a635ca603e289) Importer(815301076,1909f56bfc062723c751e8b465ee728b)  -> (artifact id: '89dfda33000bfd9d693a24d66a1bcbde') in 0.017275 seconds 
  Import took 0.037018 seconds .

========================================================================
Received Import Request.
  Time since last request: 0.024161 seconds.
  path: Assets/Scene/LoopAndCoroutine_Interview.unity
  artifactKey: Guid(16efc6f76bc885f4291a635ca603e289) Importer(815301076,1909f56bfc062723c751e8b465ee728b)
Start importing Assets/Scene/LoopAndCoroutine_Interview.unity using Guid(16efc6f76bc885f4291a635ca603e289) Importer(815301076,1909f56bfc062723c751e8b465ee728b)  -> (artifact id: '89dfda33000bfd9d693a24d66a1bcbde') in 0.007628 seconds 
  Import took 0.028730 seconds .

========================================================================
Received Import Request.
  Time since last request: 1.107869 seconds.
  path: Assets/Scene/StartScene.unity
  artifactKey: Guid(ee5ba6827738a0c4e89ec78a5668e080) Importer(815301076,1909f56bfc062723c751e8b465ee728b)
Start importing Assets/Scene/StartScene.unity using Guid(ee5ba6827738a0c4e89ec78a5668e080) Importer(815301076,1909f56bfc062723c751e8b465ee728b)  -> (artifact id: '4399f011ddee8ec421fd3b83efe5b567') in 0.018079 seconds 
  Import took 0.036898 seconds .

========================================================================
Received Prepare
Registering precompiled user dll's ...
Registered in 0.006351 seconds.
Begin MonoManager ReloadAssembly
Native extension for WindowsStandalone target not found
Refreshing native plugins compatible for Editor in 2.90 ms, found 2 plugins.
Preloading 0 native plugins for Editor in 0.00 ms.
Mono: successfully reloaded assembly
- Completed reload, in  2.358 seconds
Domain Reload Profiling:
	ReloadAssembly (2359ms)
		BeginReloadAssembly (453ms)
			ExecutionOrderSort (0ms)
			DisableScriptedObjects (105ms)
			BackupInstance (0ms)
			ReleaseScriptingObjects (1ms)
			CreateAndSetChildDomain (149ms)
		EndReloadAssembly (1813ms)
			LoadAssemblies (161ms)
			RebuildTransferFunctionScriptingTraits (0ms)
			SetupTypeCache (488ms)
			ReleaseScriptCaches (4ms)
			RebuildScriptCaches (105ms)
			SetupLoadedEditorAssemblies (738ms)
				LogAssemblyErrors (0ms)
				InitializePlatformSupportModulesInManaged (7ms)
				SetLoadedEditorAssemblies (1ms)
				RefreshPlugins (3ms)
				BeforeProcessingInitializeOnLoad (173ms)
				ProcessInitializeOnLoadAttributes (541ms)
				ProcessInitializeOnLoadMethodAttributes (8ms)
				AfterProcessingInitializeOnLoad (5ms)
				EditorAssembliesLoaded (0ms)
			ExecutionOrderSort2 (0ms)
			AwakeInstancesAfterBackupRestoration (20ms)
Platform modules already initialized, skipping
Refreshing native plugins compatible for Editor in 2.99 ms, found 2 plugins.
Preloading 0 native plugins for Editor in 0.00 ms.
Unloading 3698 Unused Serialized files (Serialized files now loaded: 0)
System memory in use before: 193.5 MB.
System memory in use after: 193.8 MB.

Unloading 14 unused Assets to reduce memory usage. Loaded Objects now: 4608.
Total: 15.189100 ms (FindLiveObjects: 1.345500 ms CreateObjectMapping: 0.796200 ms MarkObjects: 12.979100 ms  DeleteObjects: 0.065300 ms)

AssetImportParameters requested are different than current active one (requested -> active):
  custom:framework-win-MediaFoundation: 216162199b28c13a410421893ffa2e32 -> 
  custom:video-decoder-ogg-theora: a1e56fd34408186e4bbccfd4996cb3dc -> 
  custom:container-muxer-webm: aa71ff27fc2769a1b78a27578f13a17b -> 
  custom:container-demuxer-webm: 4f35f7cbe854078d1ac9338744f61a02 -> 
  custom:container-demuxer-ogg: 62fdf1f143b41e24485cea50d1cbac27 -> 
  custom:video-encoder-webm-vp8: eb34c28f22e8b96e1ab97ce403110664 -> 
  custom:video-decoder-webm-vp8: 9c59270c3fd7afecdb556c50c9e8de78 -> 
  custom:audio-decoder-ogg-vorbis: bf7c407c2cedff20999df2af8eb42d56 -> 
  custom:audio-encoder-webm-vorbis: bf7c407c2cedff20999df2af8eb42d56 -> 
========================================================================
Received Prepare
Registering precompiled user dll's ...
Registered in 0.003307 seconds.
Begin MonoManager ReloadAssembly
Native extension for WindowsStandalone target not found
Refreshing native plugins compatible for Editor in 0.83 ms, found 2 plugins.
Preloading 0 native plugins for Editor in 0.00 ms.
Mono: successfully reloaded assembly
- Completed reload, in  1.191 seconds
Domain Reload Profiling:
	ReloadAssembly (1191ms)
		BeginReloadAssembly (97ms)
			ExecutionOrderSort (0ms)
			DisableScriptedObjects (5ms)
			BackupInstance (0ms)
			ReleaseScriptingObjects (0ms)
			CreateAndSetChildDomain (36ms)
		EndReloadAssembly (1044ms)
			LoadAssemblies (76ms)
			RebuildTransferFunctionScriptingTraits (0ms)
			SetupTypeCache (310ms)
			ReleaseScriptCaches (1ms)
			RebuildScriptCaches (76ms)
			SetupLoadedEditorAssemblies (383ms)
				LogAssemblyErrors (0ms)
				InitializePlatformSupportModulesInManaged (4ms)
				SetLoadedEditorAssemblies (0ms)
				RefreshPlugins (1ms)
				BeforeProcessingInitializeOnLoad (90ms)
				ProcessInitializeOnLoadAttributes (278ms)
				ProcessInitializeOnLoadMethodAttributes (5ms)
				AfterProcessingInitializeOnLoad (5ms)
				EditorAssembliesLoaded (0ms)
			ExecutionOrderSort2 (0ms)
			AwakeInstancesAfterBackupRestoration (18ms)
Platform modules already initialized, skipping
Refreshing native plugins compatible for Editor in 0.80 ms, found 2 plugins.
Preloading 0 native plugins for Editor in 0.00 ms.
Unloading 3685 Unused Serialized files (Serialized files now loaded: 0)
System memory in use before: 192.9 MB.
System memory in use after: 193.2 MB.

Unloading 14 unused Assets to reduce memory usage. Loaded Objects now: 4610.
Total: 3.350200 ms (FindLiveObjects: 0.379800 ms CreateObjectMapping: 0.178200 ms MarkObjects: 2.774000 ms  DeleteObjects: 0.016900 ms)

AssetImportParameters requested are different than current active one (requested -> active):
  custom:framework-win-MediaFoundation: 216162199b28c13a410421893ffa2e32 -> 
  custom:video-decoder-ogg-theora: a1e56fd34408186e4bbccfd4996cb3dc -> 
  custom:container-muxer-webm: aa71ff27fc2769a1b78a27578f13a17b -> 
  custom:container-demuxer-webm: 4f35f7cbe854078d1ac9338744f61a02 -> 
  custom:container-demuxer-ogg: 62fdf1f143b41e24485cea50d1cbac27 -> 
  custom:video-encoder-webm-vp8: eb34c28f22e8b96e1ab97ce403110664 -> 
  custom:video-decoder-webm-vp8: 9c59270c3fd7afecdb556c50c9e8de78 -> 
  custom:audio-decoder-ogg-vorbis: bf7c407c2cedff20999df2af8eb42d56 -> 
  custom:audio-encoder-webm-vorbis: bf7c407c2cedff20999df2af8eb42d56 -> 
========================================================================
Received Import Request.
  Time since last request: 61524.994170 seconds.
  path: Assets/Data/NPC Boy Data Dialogue.asset
  artifactKey: Guid(f20057ec4b8c0a04196b7ca0491f9d15) Importer(815301076,1909f56bfc062723c751e8b465ee728b)
Start importing Assets/Data/NPC Boy Data Dialogue.asset using Guid(f20057ec4b8c0a04196b7ca0491f9d15) Importer(815301076,1909f56bfc062723c751e8b465ee728b)  -> (artifact id: '21b6a05612acaaea2ae9be3313e569a7') in 0.180524 seconds 
  Import took 0.294313 seconds .

========================================================================
Received Import Request.
  Time since last request: 0.892193 seconds.
  path: Assets/Audio/Click.wav
  artifactKey: Guid(18eee3046d392c947b41639c8a4d1be1) Importer(815301076,1909f56bfc062723c751e8b465ee728b)
Start importing Assets/Audio/Click.wav using Guid(18eee3046d392c947b41639c8a4d1be1) Importer(815301076,1909f56bfc062723c751e8b465ee728b)  -> (artifact id: '922c64a8d8411fb0ee8b6010aadd98a7') in 0.120847 seconds 
  Import took 0.133526 seconds .

========================================================================
Received Import Request.
  Time since last request: 0.000177 seconds.
  path: Assets/Audio/Jump.wav
  artifactKey: Guid(e508ae6e7c1e8044288ade41531a7560) Importer(815301076,1909f56bfc062723c751e8b465ee728b)
Start importing Assets/Audio/Jump.wav using Guid(e508ae6e7c1e8044288ade41531a7560) Importer(815301076,1909f56bfc062723c751e8b465ee728b)  -> (artifact id: '3793a11da093baf802a8c6265c6f923e') in 0.022100 seconds 
  Import took 0.028441 seconds .

========================================================================
Received Import Request.
  Time since last request: 0.000181 seconds.
  path: Assets/Audio/Damage.wav
  artifactKey: Guid(0532f819f25f6f14b8f7c5d355d8bd3e) Importer(815301076,1909f56bfc062723c751e8b465ee728b)
Start importing Assets/Audio/Damage.wav using Guid(0532f819f25f6f14b8f7c5d355d8bd3e) Importer(815301076,1909f56bfc062723c751e8b465ee728b)  -> (artifact id: '4901c0ed175ca883d794e28db64148a3') in 0.068115 seconds 
  Import took 0.077888 seconds .

========================================================================
Received Import Request.
  Time since last request: 0.000224 seconds.
  path: Assets/Audio/Sword Swipe.wav
  artifactKey: Guid(b40c901659bebfb48ab7ba4f07c76e2b) Importer(815301076,1909f56bfc062723c751e8b465ee728b)
Start importing Assets/Audio/Sword Swipe.wav using Guid(b40c901659bebfb48ab7ba4f07c76e2b) Importer(815301076,1909f56bfc062723c751e8b465ee728b)  -> (artifact id: 'fa10830a829f66c4d351eedb4592232e') in 0.060260 seconds 
  Import took 0.078878 seconds .

========================================================================
Received Import Request.
  Time since last request: 0.001028 seconds.
  path: Assets/Audio/Fall.wav
  artifactKey: Guid(580a61bd4bacf4945986b9eb56e579b1) Importer(815301076,1909f56bfc062723c751e8b465ee728b)
Start importing Assets/Audio/Fall.wav using Guid(580a61bd4bacf4945986b9eb56e579b1) Importer(815301076,1909f56bfc062723c751e8b465ee728b)  -> (artifact id: '21c5a154343d4aa839cf8191db229d11') in 0.040561 seconds 
  Import took 0.055345 seconds .

========================================================================
Received Import Request.
  Time since last request: 0.000223 seconds.
  path: Assets/Audio/魔王魂  村09.mp3
  artifactKey: Guid(4ec819ac751ecfc47997a6d00172b3d5) Importer(815301076,1909f56bfc062723c751e8b465ee728b)
Start importing Assets/Audio/魔王魂  村09.mp3 using Guid(4ec819ac751ecfc47997a6d00172b3d5) Importer(815301076,1909f56bfc062723c751e8b465ee728b)  -> (artifact id: '550f47c8e9c333713d8bd14feb440464') in 0.042416 seconds 
  Import took 0.049587 seconds .

========================================================================
Received Import Request.
  Time since last request: 2.388810 seconds.
  path: Assets/Scripts/AttackSystem.cs
  artifactKey: Guid(e6a69f44b479e2e4c943dfb5d71eac91) Importer(815301076,1909f56bfc062723c751e8b465ee728b)
Start importing Assets/Scripts/AttackSystem.cs using Guid(e6a69f44b479e2e4c943dfb5d71eac91) Importer(815301076,1909f56bfc062723c751e8b465ee728b)  -> (artifact id: 'bceb8f9d6ed4532ac4b86fb082a45bc2') in 0.025473 seconds 
  Import took 0.037414 seconds .

========================================================================
Received Import Request.
  Time since last request: 37.850780 seconds.
  path: Assets/Scripts/AttackSystem.cs
  artifactKey: Guid(e6a69f44b479e2e4c943dfb5d71eac91) Importer(815301076,1909f56bfc062723c751e8b465ee728b)
Start importing Assets/Scripts/AttackSystem.cs using Guid(e6a69f44b479e2e4c943dfb5d71eac91) Importer(815301076,1909f56bfc062723c751e8b465ee728b)  -> (artifact id: 'af4b7233efe507dcc082a3d9e8c7d6f7') in 0.004028 seconds 
  Import took 0.015740 seconds .

========================================================================
Received Import Request.
  Time since last request: 0.161622 seconds.
  path: Assets/Scripts/AttackSystem.cs
  artifactKey: Guid(e6a69f44b479e2e4c943dfb5d71eac91) Importer(815301076,1909f56bfc062723c751e8b465ee728b)
Start importing Assets/Scripts/AttackSystem.cs using Guid(e6a69f44b479e2e4c943dfb5d71eac91) Importer(815301076,1909f56bfc062723c751e8b465ee728b)  -> (artifact id: 'af4b7233efe507dcc082a3d9e8c7d6f7') in 0.003014 seconds 
  Import took 0.011935 seconds .

========================================================================
Received Import Request.
  Time since last request: 5.872036 seconds.
  path: Assets/Scripts/AudioSystem.cs
  artifactKey: Guid(897bd85077ebe5f4b996cb7bacc70112) Importer(815301076,1909f56bfc062723c751e8b465ee728b)
Start importing Assets/Scripts/AudioSystem.cs using Guid(897bd85077ebe5f4b996cb7bacc70112) Importer(815301076,1909f56bfc062723c751e8b465ee728b)  -> (artifact id: '66feb9d4f48503222cfc4dbdfb907396') in 0.005132 seconds 
  Import took 0.011417 seconds .

========================================================================
Received Import Request.
  Time since last request: 0.021857 seconds.
  path: Assets/Scripts/AudioSystem.cs
  artifactKey: Guid(897bd85077ebe5f4b996cb7bacc70112) Importer(815301076,1909f56bfc062723c751e8b465ee728b)
Start importing Assets/Scripts/AudioSystem.cs using Guid(897bd85077ebe5f4b996cb7bacc70112) Importer(815301076,1909f56bfc062723c751e8b465ee728b)  -> (artifact id: '66feb9d4f48503222cfc4dbdfb907396') in 0.002067 seconds 
  Import took 0.009165 seconds .

========================================================================
Received Import Request.
  Time since last request: 4.033020 seconds.
  path: Assets/Scripts/AudioSystem.cs
  artifactKey: Guid(897bd85077ebe5f4b996cb7bacc70112) Importer(815301076,1909f56bfc062723c751e8b465ee728b)
Start importing Assets/Scripts/AudioSystem.cs using Guid(897bd85077ebe5f4b996cb7bacc70112) Importer(815301076,1909f56bfc062723c751e8b465ee728b)  -> (artifact id: '30cfeaf965cdf5897533b2a3a65d33ee') in 0.005310 seconds 
  Import took 0.024456 seconds .

========================================================================
Received Import Request.
  Time since last request: 1.810466 seconds.
  path: Assets/Scripts/DataDialogue.cs
  artifactKey: Guid(60d727e26170a0648b0a709e9d4cf7f3) Importer(815301076,1909f56bfc062723c751e8b465ee728b)
Start importing Assets/Scripts/DataDialogue.cs using Guid(60d727e26170a0648b0a709e9d4cf7f3) Importer(815301076,1909f56bfc062723c751e8b465ee728b)  -> (artifact id: '4c49a4d5e7f4a16e42cc345bbdf73665') in 0.005222 seconds 
  Import took 0.011500 seconds .

========================================================================
Received Import Request.
  Time since last request: 0.021684 seconds.
  path: Assets/Scripts/DataDialogue.cs
  artifactKey: Guid(60d727e26170a0648b0a709e9d4cf7f3) Importer(815301076,1909f56bfc062723c751e8b465ee728b)
Start importing Assets/Scripts/DataDialogue.cs using Guid(60d727e26170a0648b0a709e9d4cf7f3) Importer(815301076,1909f56bfc062723c751e8b465ee728b)  -> (artifact id: '4c49a4d5e7f4a16e42cc345bbdf73665') in 0.002521 seconds 
  Import took 0.010147 seconds .

========================================================================
Received Import Request.
  Time since last request: 4.815953 seconds.
  path: Assets/Scripts/DataDialogue.cs
  artifactKey: Guid(60d727e26170a0648b0a709e9d4cf7f3) Importer(815301076,1909f56bfc062723c751e8b465ee728b)
Start importing Assets/Scripts/DataDialogue.cs using Guid(60d727e26170a0648b0a709e9d4cf7f3) Importer(815301076,1909f56bfc062723c751e8b465ee728b)  -> (artifact id: '1e3f388d7765074a821c0cea11586ffd') in 0.003921 seconds 
  Import took 0.011583 seconds .

========================================================================
Received Import Request.
  Time since last request: 0.003584 seconds.
  path: Assets/Scripts/DataDialogue.cs
  artifactKey: Guid(60d727e26170a0648b0a709e9d4cf7f3) Importer(815301076,1909f56bfc062723c751e8b465ee728b)
Start importing Assets/Scripts/DataDialogue.cs using Guid(60d727e26170a0648b0a709e9d4cf7f3) Importer(815301076,1909f56bfc062723c751e8b465ee728b)  -> (artifact id: '1e3f388d7765074a821c0cea11586ffd') in 0.007427 seconds 
  Import took 0.016615 seconds .

========================================================================
Received Import Request.
  Time since last request: 3.264787 seconds.
  path: Assets/Scripts/DialogueSystem.cs
  artifactKey: Guid(77b636d96c02a644ea78ac9468802aff) Importer(815301076,1909f56bfc062723c751e8b465ee728b)
Start importing Assets/Scripts/DialogueSystem.cs using Guid(77b636d96c02a644ea78ac9468802aff) Importer(815301076,1909f56bfc062723c751e8b465ee728b)  -> (artifact id: 'a2357a6ff50ea7996c8e849e514cf005') in 0.006433 seconds 
  Import took 0.014675 seconds .

========================================================================
Received Import Request.
  Time since last request: 0.016026 seconds.
  path: Assets/Scripts/DialogueSystem.cs
  artifactKey: Guid(77b636d96c02a644ea78ac9468802aff) Importer(815301076,1909f56bfc062723c751e8b465ee728b)
Start importing Assets/Scripts/DialogueSystem.cs using Guid(77b636d96c02a644ea78ac9468802aff) Importer(815301076,1909f56bfc062723c751e8b465ee728b)  -> (artifact id: 'a2357a6ff50ea7996c8e849e514cf005') in 0.002527 seconds 
  Import took 0.009964 seconds .

========================================================================
Received Import Request.
  Time since last request: 2.502594 seconds.
  path: Assets/Scripts/DialogueSystem.cs
  artifactKey: Guid(77b636d96c02a644ea78ac9468802aff) Importer(815301076,1909f56bfc062723c751e8b465ee728b)
Start importing Assets/Scripts/DialogueSystem.cs using Guid(77b636d96c02a644ea78ac9468802aff) Importer(815301076,1909f56bfc062723c751e8b465ee728b)  -> (artifact id: '4875c717f563efbfb78f52b52d2c6553') in 0.003658 seconds 
  Import took 0.016270 seconds .

========================================================================
Received Import Request.
  Time since last request: 0.004235 seconds.
  path: Assets/Scripts/DialogueSystem.cs
  artifactKey: Guid(77b636d96c02a644ea78ac9468802aff) Importer(815301076,1909f56bfc062723c751e8b465ee728b)
Start importing Assets/Scripts/DialogueSystem.cs using Guid(77b636d96c02a644ea78ac9468802aff) Importer(815301076,1909f56bfc062723c751e8b465ee728b)  -> (artifact id: '4875c717f563efbfb78f52b52d2c6553') in 0.002017 seconds 
  Import took 0.011029 seconds .

========================================================================
Received Import Request.
  Time since last request: 1.890741 seconds.
  path: Assets/Scripts/Enemy.cs
  artifactKey: Guid(6f73c6e907d788a4ebc371110cb25e33) Importer(815301076,1909f56bfc062723c751e8b465ee728b)
Start importing Assets/Scripts/Enemy.cs using Guid(6f73c6e907d788a4ebc371110cb25e33) Importer(815301076,1909f56bfc062723c751e8b465ee728b)  -> (artifact id: '9aa42953e90d6c6b83d2f8254cea64b0') in 0.005036 seconds 
  Import took 0.012447 seconds .

========================================================================
Received Import Request.
  Time since last request: 0.020204 seconds.
  path: Assets/Scripts/Enemy.cs
  artifactKey: Guid(6f73c6e907d788a4ebc371110cb25e33) Importer(815301076,1909f56bfc062723c751e8b465ee728b)
Start importing Assets/Scripts/Enemy.cs using Guid(6f73c6e907d788a4ebc371110cb25e33) Importer(815301076,1909f56bfc062723c751e8b465ee728b)  -> (artifact id: '9aa42953e90d6c6b83d2f8254cea64b0') in 0.002174 seconds 
  Import took 0.008897 seconds .

========================================================================
Received Import Request.
  Time since last request: 3.261599 seconds.
  path: Assets/Scripts/Enemy.cs
  artifactKey: Guid(6f73c6e907d788a4ebc371110cb25e33) Importer(815301076,1909f56bfc062723c751e8b465ee728b)
Start importing Assets/Scripts/Enemy.cs using Guid(6f73c6e907d788a4ebc371110cb25e33) Importer(815301076,1909f56bfc062723c751e8b465ee728b)  -> (artifact id: 'a71822becd0b5d41c6f31e33dff4f9de') in 0.002682 seconds 
  Import took 0.012479 seconds .

========================================================================
Received Import Request.
  Time since last request: 0.003455 seconds.
  path: Assets/Scripts/Enemy.cs
  artifactKey: Guid(6f73c6e907d788a4ebc371110cb25e33) Importer(815301076,1909f56bfc062723c751e8b465ee728b)
Start importing Assets/Scripts/Enemy.cs using Guid(6f73c6e907d788a4ebc371110cb25e33) Importer(815301076,1909f56bfc062723c751e8b465ee728b)  -> (artifact id: 'a71822becd0b5d41c6f31e33dff4f9de') in 0.003222 seconds 
  Import took 0.013876 seconds .

========================================================================
Received Import Request.
  Time since last request: 1.568490 seconds.
  path: Assets/Scripts/Enemy.cs
  artifactKey: Guid(6f73c6e907d788a4ebc371110cb25e33) Importer(815301076,1909f56bfc062723c751e8b465ee728b)
Start importing Assets/Scripts/Enemy.cs using Guid(6f73c6e907d788a4ebc371110cb25e33) Importer(815301076,1909f56bfc062723c751e8b465ee728b)  -> (artifact id: 'a3564dcdc95a16839cdfa2323b3db12e') in 0.003789 seconds 
  Import took 0.012297 seconds .

========================================================================
Received Import Request.
  Time since last request: 10.302375 seconds.
  path: Assets/Scripts/GameManager.cs
  artifactKey: Guid(49d8d9bc86225d74cbaa95732290b4cf) Importer(815301076,1909f56bfc062723c751e8b465ee728b)
Start importing Assets/Scripts/GameManager.cs using Guid(49d8d9bc86225d74cbaa95732290b4cf) Importer(815301076,1909f56bfc062723c751e8b465ee728b)  -> (artifact id: 'd8b794dbb60e0e54fb3fd3ca5512ccb1') in 0.011545 seconds 
  Import took 0.025453 seconds .

========================================================================
Received Import Request.
  Time since last request: 0.021179 seconds.
  path: Assets/Scripts/GameManager.cs
  artifactKey: Guid(49d8d9bc86225d74cbaa95732290b4cf) Importer(815301076,1909f56bfc062723c751e8b465ee728b)
Start importing Assets/Scripts/GameManager.cs using Guid(49d8d9bc86225d74cbaa95732290b4cf) Importer(815301076,1909f56bfc062723c751e8b465ee728b)  -> (artifact id: 'd8b794dbb60e0e54fb3fd3ca5512ccb1') in 0.002867 seconds 
  Import took 0.009583 seconds .

========================================================================
Received Import Request.
  Time since last request: 2.951586 seconds.
  path: Assets/Scripts/GameManager.cs
  artifactKey: Guid(49d8d9bc86225d74cbaa95732290b4cf) Importer(815301076,1909f56bfc062723c751e8b465ee728b)
Start importing Assets/Scripts/GameManager.cs using Guid(49d8d9bc86225d74cbaa95732290b4cf) Importer(815301076,1909f56bfc062723c751e8b465ee728b)  -> (artifact id: 'a99267281565c01607b4438546f9f321') in 0.003688 seconds 
  Import took 0.010446 seconds .

========================================================================
Received Import Request.
  Time since last request: 0.001505 seconds.
  path: Assets/Scripts/GameManager.cs
  artifactKey: Guid(49d8d9bc86225d74cbaa95732290b4cf) Importer(815301076,1909f56bfc062723c751e8b465ee728b)
Start importing Assets/Scripts/GameManager.cs using Guid(49d8d9bc86225d74cbaa95732290b4cf) Importer(815301076,1909f56bfc062723c751e8b465ee728b)  -> (artifact id: 'a99267281565c01607b4438546f9f321') in 0.002061 seconds 
  Import took 0.012499 seconds .

========================================================================
Received Import Request.
  Time since last request: 1.773118 seconds.
  path: Assets/Scripts/HurtSystem.cs
  artifactKey: Guid(d8e000aab7e392c43afd8ef273239d7c) Importer(815301076,1909f56bfc062723c751e8b465ee728b)
Start importing Assets/Scripts/HurtSystem.cs using Guid(d8e000aab7e392c43afd8ef273239d7c) Importer(815301076,1909f56bfc062723c751e8b465ee728b)  -> (artifact id: 'afa922e5f56593cff88cc1dcc75c63df') in 0.006175 seconds 
  Import took 0.013059 seconds .

========================================================================
Received Import Request.
  Time since last request: 0.017458 seconds.
  path: Assets/Scripts/HurtSystem.cs
  artifactKey: Guid(d8e000aab7e392c43afd8ef273239d7c) Importer(815301076,1909f56bfc062723c751e8b465ee728b)
Start importing Assets/Scripts/HurtSystem.cs using Guid(d8e000aab7e392c43afd8ef273239d7c) Importer(815301076,1909f56bfc062723c751e8b465ee728b)  -> (artifact id: 'afa922e5f56593cff88cc1dcc75c63df') in 0.002159 seconds 
  Import took 0.008905 seconds .

========================================================================
Received Import Request.
  Time since last request: 2.959042 seconds.
  path: Assets/Scripts/HurtSystem.cs
  artifactKey: Guid(d8e000aab7e392c43afd8ef273239d7c) Importer(815301076,1909f56bfc062723c751e8b465ee728b)
Start importing Assets/Scripts/HurtSystem.cs using Guid(d8e000aab7e392c43afd8ef273239d7c) Importer(815301076,1909f56bfc062723c751e8b465ee728b)  -> (artifact id: 'cb44b39dd7f04eda0ce8535a33c6d2db') in 0.002670 seconds 
  Import took 0.012634 seconds .

========================================================================
Received Import Request.
  Time since last request: 0.014239 seconds.
  path: Assets/Scripts/HurtSystem.cs
  artifactKey: Guid(d8e000aab7e392c43afd8ef273239d7c) Importer(815301076,1909f56bfc062723c751e8b465ee728b)
Start importing Assets/Scripts/HurtSystem.cs using Guid(d8e000aab7e392c43afd8ef273239d7c) Importer(815301076,1909f56bfc062723c751e8b465ee728b)  -> (artifact id: 'cb44b39dd7f04eda0ce8535a33c6d2db') in 0.002135 seconds 
  Import took 0.009461 seconds .

========================================================================
Received Import Request.
  Time since last request: 1.431513 seconds.
  path: Assets/Scripts/HurtSystemWithUI.cs
  artifactKey: Guid(9245cb3cd0d01f64188a40943918f04e) Importer(815301076,1909f56bfc062723c751e8b465ee728b)
Start importing Assets/Scripts/HurtSystemWithUI.cs using Guid(9245cb3cd0d01f64188a40943918f04e) Importer(815301076,1909f56bfc062723c751e8b465ee728b)  -> (artifact id: 'c43c358417e3a237561b34f5141a71b7') in 0.011150 seconds 
  Import took 0.020419 seconds .

========================================================================
Received Import Request.
  Time since last request: 0.016055 seconds.
  path: Assets/Scripts/HurtSystemWithUI.cs
  artifactKey: Guid(9245cb3cd0d01f64188a40943918f04e) Importer(815301076,1909f56bfc062723c751e8b465ee728b)
Start importing Assets/Scripts/HurtSystemWithUI.cs using Guid(9245cb3cd0d01f64188a40943918f04e) Importer(815301076,1909f56bfc062723c751e8b465ee728b)  -> (artifact id: 'c43c358417e3a237561b34f5141a71b7') in 0.002904 seconds 
  Import took 0.011720 seconds .

========================================================================
Received Import Request.
  Time since last request: 2.731305 seconds.
  path: Assets/Scripts/HurtSystemWithUI.cs
  artifactKey: Guid(9245cb3cd0d01f64188a40943918f04e) Importer(815301076,1909f56bfc062723c751e8b465ee728b)
Start importing Assets/Scripts/HurtSystemWithUI.cs using Guid(9245cb3cd0d01f64188a40943918f04e) Importer(815301076,1909f56bfc062723c751e8b465ee728b)  -> (artifact id: '7629b2e792896d06e5cdecbddfcfbf41') in 0.002070 seconds 
  Import took 0.008708 seconds .

========================================================================
Received Import Request.
  Time since last request: 3.850307 seconds.
  path: Assets/Scripts/NPC.cs
  artifactKey: Guid(033cd5da587196b42a7fbe0f9ed32cf9) Importer(815301076,1909f56bfc062723c751e8b465ee728b)
Start importing Assets/Scripts/NPC.cs using Guid(033cd5da587196b42a7fbe0f9ed32cf9) Importer(815301076,1909f56bfc062723c751e8b465ee728b)  -> (artifact id: '9374911af1091fdfa814ef7d1b9d6815') in 0.014995 seconds 
  Import took 0.022704 seconds .

========================================================================
Received Import Request.
  Time since last request: 0.007584 seconds.
  path: Assets/Scripts/NPC.cs
  artifactKey: Guid(033cd5da587196b42a7fbe0f9ed32cf9) Importer(815301076,1909f56bfc062723c751e8b465ee728b)
Start importing Assets/Scripts/NPC.cs using Guid(033cd5da587196b42a7fbe0f9ed32cf9) Importer(815301076,1909f56bfc062723c751e8b465ee728b)  -> (artifact id: '9374911af1091fdfa814ef7d1b9d6815') in 0.002655 seconds 
  Import took 0.010820 seconds .

========================================================================
Received Import Request.
  Time since last request: 3.041202 seconds.
  path: Assets/Scripts/NPC.cs
  artifactKey: Guid(033cd5da587196b42a7fbe0f9ed32cf9) Importer(815301076,1909f56bfc062723c751e8b465ee728b)
Start importing Assets/Scripts/NPC.cs using Guid(033cd5da587196b42a7fbe0f9ed32cf9) Importer(815301076,1909f56bfc062723c751e8b465ee728b)  -> (artifact id: 'a6e6850b8d10152456975a5baf101265') in 0.002815 seconds 
  Import took 0.010359 seconds .

========================================================================
Received Import Request.
  Time since last request: 0.000735 seconds.
  path: Assets/Scripts/NPC.cs
  artifactKey: Guid(033cd5da587196b42a7fbe0f9ed32cf9) Importer(815301076,1909f56bfc062723c751e8b465ee728b)
Start importing Assets/Scripts/NPC.cs using Guid(033cd5da587196b42a7fbe0f9ed32cf9) Importer(815301076,1909f56bfc062723c751e8b465ee728b)  -> (artifact id: 'a6e6850b8d10152456975a5baf101265') in 0.006600 seconds 
  Import took 0.019200 seconds .

========================================================================
Received Import Request.
  Time since last request: 2.449337 seconds.
  path: Assets/Scripts/SceneController.cs
  artifactKey: Guid(ee2865a25f371f4468c615f7d7606a83) Importer(815301076,1909f56bfc062723c751e8b465ee728b)
Start importing Assets/Scripts/SceneController.cs using Guid(ee2865a25f371f4468c615f7d7606a83) Importer(815301076,1909f56bfc062723c751e8b465ee728b)  -> (artifact id: '640e60bbca80e712a87a72b1d565b83c') in 0.006931 seconds 
  Import took 0.014714 seconds .

========================================================================
Received Import Request.
  Time since last request: 0.015989 seconds.
  path: Assets/Scripts/SceneController.cs
  artifactKey: Guid(ee2865a25f371f4468c615f7d7606a83) Importer(815301076,1909f56bfc062723c751e8b465ee728b)
Start importing Assets/Scripts/SceneController.cs using Guid(ee2865a25f371f4468c615f7d7606a83) Importer(815301076,1909f56bfc062723c751e8b465ee728b)  -> (artifact id: '640e60bbca80e712a87a72b1d565b83c') in 0.002606 seconds 
  Import took 0.009894 seconds .

========================================================================
Received Import Request.
  Time since last request: 3.626522 seconds.
  path: Assets/Scripts/SceneController.cs
  artifactKey: Guid(ee2865a25f371f4468c615f7d7606a83) Importer(815301076,1909f56bfc062723c751e8b465ee728b)
Start importing Assets/Scripts/SceneController.cs using Guid(ee2865a25f371f4468c615f7d7606a83) Importer(815301076,1909f56bfc062723c751e8b465ee728b)  -> (artifact id: 'c9e498b75a31423e975d09aad659e283') in 0.001863 seconds 
  Import took 0.008338 seconds .

========================================================================
Received Import Request.
  Time since last request: 0.000549 seconds.
  path: Assets/Scripts/SceneController.cs
  artifactKey: Guid(ee2865a25f371f4468c615f7d7606a83) Importer(815301076,1909f56bfc062723c751e8b465ee728b)
Start importing Assets/Scripts/SceneController.cs using Guid(ee2865a25f371f4468c615f7d7606a83) Importer(815301076,1909f56bfc062723c751e8b465ee728b)  -> (artifact id: 'c9e498b75a31423e975d09aad659e283') in 0.002548 seconds 
  Import took 0.011955 seconds .

========================================================================
Received Import Request.
  Time since last request: 1.992496 seconds.
  path: Assets/Scripts/State.cs
  artifactKey: Guid(1a57bdbd3f5687f479a3799bd93c8de4) Importer(815301076,1909f56bfc062723c751e8b465ee728b)
Start importing Assets/Scripts/State.cs using Guid(1a57bdbd3f5687f479a3799bd93c8de4) Importer(815301076,1909f56bfc062723c751e8b465ee728b)  -> (artifact id: '9cfce1dd3abd581f477ff59097730978') in 0.010464 seconds 
  Import took 0.020344 seconds .

========================================================================
Received Import Request.
  Time since last request: 0.008316 seconds.
  path: Assets/Scripts/State.cs
  artifactKey: Guid(1a57bdbd3f5687f479a3799bd93c8de4) Importer(815301076,1909f56bfc062723c751e8b465ee728b)
Start importing Assets/Scripts/State.cs using Guid(1a57bdbd3f5687f479a3799bd93c8de4) Importer(815301076,1909f56bfc062723c751e8b465ee728b)  -> (artifact id: '9cfce1dd3abd581f477ff59097730978') in 0.001954 seconds 
  Import took 0.008507 seconds .

========================================================================
Received Import Request.
  Time since last request: 3.330314 seconds.
  path: Assets/Scripts/State.cs
  artifactKey: Guid(1a57bdbd3f5687f479a3799bd93c8de4) Importer(815301076,1909f56bfc062723c751e8b465ee728b)
Start importing Assets/Scripts/State.cs using Guid(1a57bdbd3f5687f479a3799bd93c8de4) Importer(815301076,1909f56bfc062723c751e8b465ee728b)  -> (artifact id: 'e1b4472adbaec9653b0f3b18fc8b293c') in 0.004832 seconds 
  Import took 0.021253 seconds .

========================================================================
Received Import Request.
  Time since last request: 4.777110 seconds.
  path: Assets/Scripts/StateEnemy.cs
  artifactKey: Guid(eac03d04b75d741428793bd0c2662253) Importer(815301076,1909f56bfc062723c751e8b465ee728b)
Start importing Assets/Scripts/StateEnemy.cs using Guid(eac03d04b75d741428793bd0c2662253) Importer(815301076,1909f56bfc062723c751e8b465ee728b)  -> (artifact id: 'd569b48878bfd5881f01ae4ad108e939') in 0.005592 seconds 
  Import took 0.014302 seconds .

========================================================================
Received Import Request.
  Time since last request: 0.016893 seconds.
  path: Assets/Scripts/StateEnemy.cs
  artifactKey: Guid(eac03d04b75d741428793bd0c2662253) Importer(815301076,1909f56bfc062723c751e8b465ee728b)
Start importing Assets/Scripts/StateEnemy.cs using Guid(eac03d04b75d741428793bd0c2662253) Importer(815301076,1909f56bfc062723c751e8b465ee728b)  -> (artifact id: 'd569b48878bfd5881f01ae4ad108e939') in 0.002683 seconds 
  Import took 0.010523 seconds .

========================================================================
Received Import Request.
  Time since last request: 3.134459 seconds.
  path: Assets/Scripts/StateEnemy.cs
  artifactKey: Guid(eac03d04b75d741428793bd0c2662253) Importer(815301076,1909f56bfc062723c751e8b465ee728b)
Start importing Assets/Scripts/StateEnemy.cs using Guid(eac03d04b75d741428793bd0c2662253) Importer(815301076,1909f56bfc062723c751e8b465ee728b)  -> (artifact id: '8438cdeac99898a1338e201921b86138') in 0.002260 seconds 
  Import took 0.011294 seconds .

========================================================================
Received Prepare
Registering precompiled user dll's ...
Registered in 0.099909 seconds.
Begin MonoManager ReloadAssembly
Native extension for WindowsStandalone target not found
Refreshing native plugins compatible for Editor in 1.03 ms, found 2 plugins.
Preloading 0 native plugins for Editor in 0.00 ms.
Mono: successfully reloaded assembly
- Completed reload, in  1.939 seconds
Domain Reload Profiling:
	ReloadAssembly (1940ms)
		BeginReloadAssembly (215ms)
			ExecutionOrderSort (0ms)
			DisableScriptedObjects (14ms)
			BackupInstance (0ms)
			ReleaseScriptingObjects (0ms)
			CreateAndSetChildDomain (114ms)
		EndReloadAssembly (1653ms)
			LoadAssemblies (107ms)
			RebuildTransferFunctionScriptingTraits (0ms)
			SetupTypeCache (402ms)
			ReleaseScriptCaches (2ms)
			RebuildScriptCaches (98ms)
			SetupLoadedEditorAssemblies (531ms)
				LogAssemblyErrors (0ms)
				InitializePlatformSupportModulesInManaged (5ms)
				SetLoadedEditorAssemblies (0ms)
				RefreshPlugins (1ms)
				BeforeProcessingInitializeOnLoad (118ms)
				ProcessInitializeOnLoadAttributes (389ms)
				ProcessInitializeOnLoadMethodAttributes (12ms)
				AfterProcessingInitializeOnLoad (6ms)
				EditorAssembliesLoaded (0ms)
			ExecutionOrderSort2 (0ms)
			AwakeInstancesAfterBackupRestoration (26ms)
Platform modules already initialized, skipping
Refreshing native plugins compatible for Editor in 1.16 ms, found 2 plugins.
Preloading 0 native plugins for Editor in 0.00 ms.
Unloading 3685 Unused Serialized files (Serialized files now loaded: 0)
System memory in use before: 193.0 MB.
System memory in use after: 193.3 MB.

Unloading 14 unused Assets to reduce memory usage. Loaded Objects now: 4615.
Total: 4.605000 ms (FindLiveObjects: 0.801300 ms CreateObjectMapping: 0.455000 ms MarkObjects: 3.322800 ms  DeleteObjects: 0.023700 ms)

AssetImportParameters requested are different than current active one (requested -> active):
  custom:framework-win-MediaFoundation: 216162199b28c13a410421893ffa2e32 -> 
  custom:video-decoder-ogg-theora: a1e56fd34408186e4bbccfd4996cb3dc -> 
  custom:container-muxer-webm: aa71ff27fc2769a1b78a27578f13a17b -> 
  custom:container-demuxer-webm: 4f35f7cbe854078d1ac9338744f61a02 -> 
  custom:container-demuxer-ogg: 62fdf1f143b41e24485cea50d1cbac27 -> 
  custom:video-encoder-webm-vp8: eb34c28f22e8b96e1ab97ce403110664 -> 
  custom:video-decoder-webm-vp8: 9c59270c3fd7afecdb556c50c9e8de78 -> 
  custom:audio-decoder-ogg-vorbis: bf7c407c2cedff20999df2af8eb42d56 -> 
  custom:audio-encoder-webm-vorbis: bf7c407c2cedff20999df2af8eb42d56 -> 
========================================================================
Received Import Request.
  Time since last request: 141.028120 seconds.
  path: Assets/ThirdPersonControllerAndCamera/CameraRootObject.prefab
  artifactKey: Guid(eb1b04fb789c41145a6130298d8211b3) Importer(815301076,1909f56bfc062723c751e8b465ee728b)
Start importing Assets/ThirdPersonControllerAndCamera/CameraRootObject.prefab using Guid(eb1b04fb789c41145a6130298d8211b3) Importer(815301076,1909f56bfc062723c751e8b465ee728b)  -> (artifact id: '44abb1d37cb0be17f8d3725d3cfe0bfd') in 0.047067 seconds 
  Import took 0.056545 seconds .

AssetImportWorkerClient::OnTransportError - code=2 error=End of file
